client.c: 在函数‘client_list_person’中:
client.c:111:2: 警告： 格式 ‘%s’ expects argument of type ‘char *’, but argument 2 has type ‘char (*)[5]’ [-Wformat]
client.c: 在函数‘client_list_person_message’中:
client.c:124:2: 警告： 格式 ‘%s’ expects argument of type ‘char *’, but argument 2 has type ‘char (*)[12]’ [-Wformat]
client.c:130:3: 警告： 格式 ‘%s’ expects argument of type ‘char *’, but argument 2 has type ‘char (*)[5]’ [-Wformat]
client.c: 在函数‘client_delete_person’中:
client.c:147:2: 警告： 格式 ‘%s’ expects argument of type ‘char *’, but argument 2 has type ‘char (*)[12]’ [-Wformat]
client.c: 在函数‘client_delete_message’中:
client.c:159:2: 警告： 格式 ‘%s’ expects argument of type ‘char *’, but argument 2 has type ‘char (*)[12]’ [-Wformat]
client.c:164:3: 警告： 格式 ‘%s’ expects argument of type ‘char *’, but argument 2 has type ‘char (*)[5]’ [-Wformat]
client.c: 在函数‘send_message’中:
client.c:181:2: 警告： 格式 ‘%s’ expects argument of type ‘char *’, but argument 2 has type ‘char (*)[12]’ [-Wformat]
client.c: 在函数‘client_search_message’中:
client.c:225:3: 警告： 隐式声明函数‘search_message_single’ [-Wimplicit-function-declaration]
client.c:238:4: 警告： 隐式声明函数‘search_message’ [-Wimplicit-function-declaration]
getprofile.c: 在函数‘l_trim’中:
getprofile.c:15:2: 警告： 隐式声明函数‘isspace’ [-Wimplicit-function-declaration]
power_on.c: 在函数‘power_on’中:
power_on.c:33:2: 警告： 传递‘GetProfileString’的第 4 个参数时将整数赋给指针，未作类型转换 [默认启用]
getprofile.h:11:5: 附注： 需要类型‘char *’，但实参的类型为‘int’
power_on.c:38:2: 警告： 传递‘GetProfileString’的第 4 个参数时将整数赋给指针，未作类型转换 [默认启用]
getprofile.h:11:5: 附注： 需要类型‘char *’，但实参的类型为‘int’
power_on.c:45:2: 警告： 隐式声明函数‘list_person’ [-Wimplicit-function-declaration]
power_on.c:46:2: 警告： 隐式声明函数‘sock_power_on’ [-Wimplicit-function-declaration]
power_on.c:46:2: 警告： 隐式声明函数‘longlong_to_string’ [-Wimplicit-function-declaration]
sandtears.c: 在函数‘sock_power_on’中:
sandtears.c:101:12: 警告： 赋值时将指针赋给整数，未作类型转换 [默认启用]
sandtears.c:102:12: 警告： 赋值时将指针赋给整数，未作类型转换 [默认启用]
sandtears.c:113:16: 警告： 比较指针和整数 [默认启用]
sandtears.c:113:33: 警告： 比较指针和整数 [默认启用]
sandtears.c: 在函数‘sock_power_off’中:
sandtears.c:178:12: 警告： 赋值时将指针赋给整数，未作类型转换 [默认启用]
sandtears.c:179:12: 警告： 赋值时将指针赋给整数，未作类型转换 [默认启用]
sandtears.c:190:16: 警告： 比较指针和整数 [默认启用]
sandtears.c:190:33: 警告： 比较指针和整数 [默认启用]
sandtears.c: 在函数‘sock_sendmsg’中:
sandtears.c:238:16: 警告： 比较指针和整数 [默认启用]
sandtears.c:238:33: 警告： 比较指针和整数 [默认启用]
sms.c: 在函数‘main’中:
sms.c:33:2: 警告： 隐式声明函数‘power_on’ [-Wimplicit-function-declaration]
sms.c:50:5: 警告： 隐式声明函数‘save_message’ [-Wimplicit-function-declaration]
string_to_message.c: 在函数‘string_to_message’中:
string_to_message.c:148:2: 警告： 隐式声明函数‘strptime’ [-Wimplicit-function-declaration]
